<?xml version="1.0" encoding="UTF-8"?>
<coverage generated="1603022586738" clover="3.2.0">
  <project timestamp="1603022586738" name="All files">
    <metrics statements="2" coveredstatements="2" conditionals="0" coveredconditionals="0" methods="2" coveredmethods="2" elements="4" coveredelements="4" complexity="0" loc="2" ncloc="2" packages="1" files="2" classes="2"/>
    <file name="concatenate-strings.ts" path="/home/ash/code/forks/beginner-coding-problems/src/problems/concatenate-strings.ts">
      <metrics statements="1" coveredstatements="1" conditionals="0" coveredconditionals="0" methods="1" coveredmethods="1"/>
      <line num="1" count="1" type="stmt"/>
    </file>
    <file name="greet.ts" path="/home/ash/code/forks/beginner-coding-problems/src/problems/greet.ts">
      <metrics statements="1" coveredstatements="1" conditionals="0" coveredconditionals="0" methods="1" coveredmethods="1"/>
      <line num="1" count="1" type="stmt"/>
    </file>
  </project>
</coverage>
